<?xml version="1.0" encoding="UTF-8"?>
<testsuite xmlns:xsi="http://www.w3.org/2001/XMLSchema-instance" xsi:noNamespaceSchemaLocation="https://maven.apache.org/surefire/maven-surefire-plugin/xsd/surefire-test-report-3.0.xsd" version="3.0" name="io.github.brunoyillli.trianguloAvaliacao.TrianguloTest" time="0.174" tests="19" errors="0" skipped="0" failures="0">
  <properties>
[...]
</properties>
  <testcase name="isTodosLadosIguaisZeroTest" classname="io.github.brunoyillli.trianguloAvaliacao.TrianguloTest" time="0.064"/>
  <testcase name="isTrianguloIsoscelesValidoTest" classname="io.github.brunoyillli.trianguloAvaliacao.TrianguloTest" time="0.002"/>
  <testcase name="isTrianguloIsoscelesPermutacoesTest" classname="io.github.brunoyillli.trianguloAvaliacao.TrianguloTest" time="0.001"/>
  <testcase name="isCMenorABSomaTest" classname="io.github.brunoyillli.trianguloAvaliacao.TrianguloTest" time="0.002"/>
  <testcase name="isDiferencaEntreAEBIgualCTest" classname="io.github.brunoyillli.trianguloAvaliacao.TrianguloTest" time="0.004"/>
  <testcase name="isSomaDoisLadosMenorQueTerceiroPermutacao1Test" classname="io.github.brunoyillli.trianguloAvaliacao.TrianguloTest" time="0.002"/>
  <testcase name="isSomaDoisLadosMenorQueTerceiroPermutacao2Test" classname="io.github.brunoyillli.trianguloAvaliacao.TrianguloTest" time="0.003"/>
  <testcase name="isSomaDoisLadosMenorQueTerceiroPermutacao3Test" classname="io.github.brunoyillli.trianguloAvaliacao.TrianguloTest" time="0.003"/>
  <testcase name="isAbsACMenorBTest" classname="io.github.brunoyillli.trianguloAvaliacao.TrianguloTest" time="0.002"/>
  <testcase name="isValorZeroTest" classname="io.github.brunoyillli.trianguloAvaliacao.TrianguloTest" time="0.003"/>
  <testcase name="isTrianguloEscalenoValidoTest" classname="io.github.brunoyillli.trianguloAvaliacao.TrianguloTest" time="0.002"/>
  <testcase name="isDiferencaEntreAECIgualBTest" classname="io.github.brunoyillli.trianguloAvaliacao.TrianguloTest" time="0.002"/>
  <testcase name="isValorNegativoTest" classname="io.github.brunoyillli.trianguloAvaliacao.TrianguloTest" time="0.003"/>
  <testcase name="isTrianguloEquilateroValidoTest" classname="io.github.brunoyillli.trianguloAvaliacao.TrianguloTest" time="0.001"/>
  <testcase name="isSomaDoisLadosIgualAoTerceiroPermutacao1Test" classname="io.github.brunoyillli.trianguloAvaliacao.TrianguloTest" time="0.004"/>
  <testcase name="isSomaDoisLadosIgualAoTerceiroPermutacao2Test" classname="io.github.brunoyillli.trianguloAvaliacao.TrianguloTest" time="0.002"/>
  <testcase name="isSomaDoisLadosIgualAoTerceiroPermutacao3Test" classname="io.github.brunoyillli.trianguloAvaliacao.TrianguloTest" time="0.002"/>
  <testcase name="isBMenorACSomaTest" classname="io.github.brunoyillli.trianguloAvaliacao.TrianguloTest" time="0.003"/>
  <testcase name="isAbsABMenorCTest" classname="io.github.brunoyillli.trianguloAvaliacao.TrianguloTest" time="0.002"/>
</testsuite>